# JRE version: Java(TM) SE Runtime Environment (7.0_45-b18) (build 1.7.0_45-b18)
# Java VM: Java HotSpot(TM) 64-Bit Server VM (24.45-b08 mixed mode linux-amd64 compressed oops)
Heap
 PSYoungGen      total 198656K, used 9154K [0x00000007d6680000, 0x00000007ede80000, 0x0000000800000000)
  eden space 197120K, 3% used [0x00000007d6680000,0x00000007d6df8a50,0x00000007e2700000)
  from space 1536K, 97% used [0x00000007eda80000,0x00000007edbf8030,0x00000007edc00000)
  to   space 2560K, 0% used [0x00000007edc00000,0x00000007edc00000,0x00000007ede80000)
 ParOldGen       total 60416K, used 44895K [0x0000000783400000, 0x0000000786f00000, 0x00000007d6680000)
  object space 60416K, 74% used [0x0000000783400000,0x0000000785fd7e08,0x0000000786f00000)
 PSPermGen       total 55296K, used 24709K [0x000000077e200000, 0x0000000781800000, 0x0000000783400000)
  object space 55296K, 44% used [0x000000077e200000,0x000000077fa21510,0x0000000781800000)
GC Heap History (10 events):
Event: 1002.549 GC heap before
{Heap before GC invocations=221 (full 2):
 PSYoungGen      total 247296K, used 246837K [0x00000007d6680000, 0x00000007ee200000, 0x0000000800000000)
  eden space 245760K, 100% used [0x00000007d6680000,0x00000007e5680000,0x00000007e5680000)
  from space 1536K, 70% used [0x00000007ee080000,0x00000007ee18d738,0x00000007ee200000)
  to   space 2560K, 0% used [0x00000007edd00000,0x00000007edd00000,0x00000007edf80000)
 ParOldGen       total 60416K, used 42383K [0x0000000783400000, 0x0000000786f00000, 0x00000007d6680000)
  object space 60416K, 70% used [0x0000000783400000,0x0000000785d63f10,0x0000000786f00000)
 PSPermGen       total 55296K, used 24705K [0x000000077e200000, 0x0000000781800000, 0x0000000783400000)
  object space 55296K, 44% used [0x000000077e200000,0x000000077fa20580,0x0000000781800000)
Event: 1002.552 GC heap after
Heap after GC invocations=221 (full 2):
 PSYoungGen      total 236544K, used 1248K [0x00000007d6680000, 0x00000007ee100000, 0x0000000800000000)
  eden space 235008K, 0% used [0x00000007d6680000,0x00000007d6680000,0x00000007e4c00000)
  from space 1536K, 81% used [0x00000007edd00000,0x00000007ede38030,0x00000007ede80000)
  to   space 2048K, 0% used [0x00000007edf00000,0x00000007edf00000,0x00000007ee100000)
 ParOldGen       total 60416K, used 42704K [0x0000000783400000, 0x0000000786f00000, 0x00000007d6680000)
  object space 60416K, 70% used [0x0000000783400000,0x0000000785db40c0,0x0000000786f00000)
 PSPermGen       total 55296K, used 24705K [0x000000077e200000, 0x0000000781800000, 0x0000000783400000)
  object space 55296K, 44% used [0x000000077e200000,0x000000077fa20580,0x0000000781800000)
}
Event: 1005.626 GC heap before
{Heap before GC invocations=222 (full 2):
 PSYoungGen      total 236544K, used 236256K [0x00000007d6680000, 0x00000007ee100000, 0x0000000800000000)
  eden space 235008K, 100% used [0x00000007d6680000,0x00000007e4c00000,0x00000007e4c00000)
  from space 1536K, 81% used [0x00000007edd00000,0x00000007ede38030,0x00000007ede80000)
  to   space 2048K, 0% used [0x00000007edf00000,0x00000007edf00000,0x00000007ee100000)
 ParOldGen       total 60416K, used 42704K [0x0000000783400000, 0x0000000786f00000, 0x00000007d6680000)
  object space 60416K, 70% used [0x0000000783400000,0x0000000785db40c0,0x0000000786f00000)
 PSPermGen       total 55296K, used 24706K [0x000000077e200000, 0x0000000781800000, 0x0000000783400000)
  object space 55296K, 44% used [0x000000077e200000,0x000000077fa20a70,0x0000000781800000)
Event: 1005.674 GC heap after
Heap after GC invocations=222 (full 2):
 PSYoungGen      total 225792K, used 928K [0x00000007d6680000, 0x00000007ee000000, 0x0000000800000000)
  eden space 224768K, 0% used [0x00000007d6680000,0x00000007d6680000,0x00000007e4200000)
  from space 1024K, 90% used [0x00000007edf00000,0x00000007edfe8000,0x00000007ee000000)
  to   space 2048K, 0% used [0x00000007edc00000,0x00000007edc00000,0x00000007ede00000)
 ParOldGen       total 60416K, used 43072K [0x0000000783400000, 0x0000000786f00000, 0x00000007d6680000)
  object space 60416K, 71% used [0x0000000783400000,0x0000000785e102a0,0x0000000786f00000)
 PSPermGen       total 55296K, used 24706K [0x000000077e200000, 0x0000000781800000, 0x0000000783400000)
  object space 55296K, 44% used [0x000000077e200000,0x000000077fa20a70,0x0000000781800000)
}
Event: 1009.752 GC heap before
{Heap before GC invocations=223 (full 2):
 PSYoungGen      total 225792K, used 225696K [0x00000007d6680000, 0x00000007ee000000, 0x0000000800000000)
  eden space 224768K, 100% used [0x00000007d6680000,0x00000007e4200000,0x00000007e4200000)
  from space 1024K, 90% used [0x00000007edf00000,0x00000007edfe8000,0x00000007ee000000)
  to   space 2048K, 0% used [0x00000007edc00000,0x00000007edc00000,0x00000007ede00000)
 ParOldGen       total 60416K, used 43072K [0x0000000783400000, 0x0000000786f00000, 0x00000007d6680000)
  object space 60416K, 71% used [0x0000000783400000,0x0000000785e102a0,0x0000000786f00000)
 PSPermGen       total 55296K, used 24708K [0x000000077e200000, 0x0000000781800000, 0x0000000783400000)
  object space 55296K, 44% used [0x000000077e200000,0x000000077fa21270,0x0000000781800000)
Event: 1009.784 GC heap after
Heap after GC invocations=223 (full 2):
 PSYoungGen      total 217088K, used 1728K [0x00000007d6680000, 0x00000007edf80000, 0x0000000800000000)
  eden space 215040K, 0% used [0x00000007d6680000,0x00000007d6680000,0x00000007e3880000)
  from space 2048K, 84% used [0x00000007edc00000,0x00000007eddb0030,0x00000007ede00000)
  to   space 1536K, 0% used [0x00000007ede00000,0x00000007ede00000,0x00000007edf80000)
 ParOldGen       total 60416K, used 43136K [0x0000000783400000, 0x0000000786f00000, 0x00000007d6680000)
  object space 60416K, 71% used [0x0000000783400000,0x0000000785e202a0,0x0000000786f00000)
 PSPermGen       total 55296K, used 24708K [0x000000077e200000, 0x0000000781800000, 0x0000000783400000)
  object space 55296K, 44% used [0x000000077e200000,0x000000077fa21270,0x0000000781800000)
}
Event: 1012.836 GC heap before
{Heap before GC invocations=224 (full 2):
 PSYoungGen      total 217088K, used 216768K [0x00000007d6680000, 0x00000007edf80000, 0x0000000800000000)
  eden space 215040K, 100% used [0x00000007d6680000,0x00000007e3880000,0x00000007e3880000)
  from space 2048K, 84% used [0x00000007edc00000,0x00000007eddb0030,0x00000007ede00000)
  to   space 1536K, 0% used [0x00000007ede00000,0x00000007ede00000,0x00000007edf80000)
 ParOldGen       total 60416K, used 43136K [0x0000000783400000, 0x0000000786f00000, 0x00000007d6680000)
  object space 60416K, 71% used [0x0000000783400000,0x0000000785e202a0,0x0000000786f00000)
 PSPermGen       total 55296K, used 24708K [0x000000077e200000, 0x0000000781800000, 0x0000000783400000)
  object space 55296K, 44% used [0x000000077e200000,0x000000077fa21270,0x0000000781800000)
Event: 1012.878 GC heap after
Heap after GC invocations=224 (full 2):
 PSYoungGen      total 207360K, used 1504K [0x00000007d6680000, 0x00000007edf80000, 0x0000000800000000)
  eden space 205824K, 0% used [0x00000007d6680000,0x00000007d6680000,0x00000007e2f80000)
  from space 1536K, 97% used [0x00000007ede00000,0x00000007edf78010,0x00000007edf80000)
  to   space 2560K, 0% used [0x00000007eda80000,0x00000007eda80000,0x00000007edd00000)
 ParOldGen       total 60416K, used 43501K [0x0000000783400000, 0x0000000786f00000, 0x00000007d6680000)
  object space 60416K, 72% used [0x0000000783400000,0x0000000785e7b4e8,0x0000000786f00000)
 PSPermGen       total 55296K, used 24708K [0x000000077e200000, 0x0000000781800000, 0x0000000783400000)
  object space 55296K, 44% used [0x000000077e200000,0x000000077fa21270,0x0000000781800000)
}
Event: 1016.932 GC heap before
{Heap before GC invocations=225 (full 2):
 PSYoungGen      total 207360K, used 207328K [0x00000007d6680000, 0x00000007edf80000, 0x0000000800000000)
  eden space 205824K, 100% used [0x00000007d6680000,0x00000007e2f80000,0x00000007e2f80000)
  from space 1536K, 97% used [0x00000007ede00000,0x00000007edf78010,0x00000007edf80000)
  to   space 2560K, 0% used [0x00000007eda80000,0x00000007eda80000,0x00000007edd00000)
 ParOldGen       total 60416K, used 43501K [0x0000000783400000, 0x0000000786f00000, 0x00000007d6680000)
  object space 60416K, 72% used [0x0000000783400000,0x0000000785e7b4e8,0x0000000786f00000)
 PSPermGen       total 55296K, used 24709K [0x000000077e200000, 0x0000000781800000, 0x0000000783400000)
  object space 55296K, 44% used [0x000000077e200000,0x000000077fa214d0,0x0000000781800000)
Event: 1016.937 GC heap after
Heap after GC invocations=225 (full 2):
 PSYoungGen      total 198656K, used 1504K [0x00000007d6680000, 0x00000007ede80000, 0x0000000800000000)
  eden space 197120K, 0% used [0x00000007d6680000,0x00000007d6680000,0x00000007e2700000)
  from space 1536K, 97% used [0x00000007eda80000,0x00000007edbf8030,0x00000007edc00000)
  to   space 2560K, 0% used [0x00000007edc00000,0x00000007edc00000,0x00000007ede80000)
 ParOldGen       total 60416K, used 44895K [0x0000000783400000, 0x0000000786f00000, 0x00000007d6680000)
  object space 60416K, 74% used [0x0000000783400000,0x0000000785fd7e08,0x0000000786f00000)
 PSPermGen       total 55296K, used 24709K [0x000000077e200000, 0x0000000781800000, 0x0000000783400000)
  object space 55296K, 44% used [0x000000077e200000,0x000000077fa214d0,0x0000000781800000)
}

