# JRE version: Java(TM) SE Runtime Environment (7.0_45-b18) (build 1.7.0_45-b18)
# Java VM: Java HotSpot(TM) 64-Bit Server VM (24.45-b08 mixed mode linux-amd64 compressed oops)
Heap
 PSYoungGen      total 645120K, used 419200K [0x00000007d6680000, 0x0000000800000000, 0x0000000800000000)
  eden space 614400K, 67% used [0x00000007d6680000,0x00000007efd50370,0x00000007fbe80000)
  from space 30720K, 8% used [0x00000007fbe80000,0x00000007fc110020,0x00000007fdc80000)
  to   space 30208K, 0% used [0x00000007fe280000,0x00000007fe280000,0x0000000800000000)
 ParOldGen       total 141312K, used 81649K [0x0000000783400000, 0x000000078be00000, 0x00000007d6680000)
  object space 141312K, 57% used [0x0000000783400000,0x00000007883bc708,0x000000078be00000)
 PSPermGen       total 58880K, used 26044K [0x000000077e200000, 0x0000000781b80000, 0x0000000783400000)
  object space 58880K, 44% used [0x000000077e200000,0x000000077fb6f1c0,0x0000000781b80000)
GC Heap History (10 events):
Event: 167.304 GC heap before
{Heap before GC invocations=49 (full 1):
 PSYoungGen      total 662528K, used 662504K [0x00000007d6680000, 0x0000000800000000, 0x0000000800000000)
  eden space 643584K, 100% used [0x00000007d6680000,0x00000007fdb00000,0x00000007fdb00000)
  from space 18944K, 99% used [0x00000007fdb00000,0x00000007fed7a1e8,0x00000007fed80000)
  to   space 18944K, 0% used [0x00000007fed80000,0x00000007fed80000,0x0000000800000000)
 ParOldGen       total 103936K, used 78363K [0x0000000783400000, 0x0000000789980000, 0x00000007d6680000)
  object space 103936K, 75% used [0x0000000783400000,0x0000000788086d38,0x0000000789980000)
 PSPermGen       total 52224K, used 26037K [0x000000077e200000, 0x0000000781500000, 0x0000000783400000)
  object space 52224K, 49% used [0x000000077e200000,0x000000077fb6d680,0x0000000781500000)
Event: 167.372 GC heap after
Heap after GC invocations=49 (full 1):
 PSYoungGen      total 632832K, used 18912K [0x00000007d6680000, 0x0000000800000000, 0x0000000800000000)
  eden space 613888K, 0% used [0x00000007d6680000,0x00000007d6680000,0x00000007fbe00000)
  from space 18944K, 99% used [0x00000007fed80000,0x00000007ffff8030,0x0000000800000000)
  to   space 33792K, 0% used [0x00000007fbe00000,0x00000007fbe00000,0x00000007fdf00000)
 ParOldGen       total 103936K, used 100119K [0x0000000783400000, 0x0000000789980000, 0x00000007d6680000)
  object space 103936K, 96% used [0x0000000783400000,0x00000007895c5f98,0x0000000789980000)
 PSPermGen       total 52224K, used 26037K [0x000000077e200000, 0x0000000781500000, 0x0000000783400000)
  object space 52224K, 49% used [0x000000077e200000,0x000000077fb6d680,0x0000000781500000)
}
Event: 167.372 GC heap before
{Heap before GC invocations=50 (full 2):
 PSYoungGen      total 632832K, used 18912K [0x00000007d6680000, 0x0000000800000000, 0x0000000800000000)
  eden space 613888K, 0% used [0x00000007d6680000,0x00000007d6680000,0x00000007fbe00000)
  from space 18944K, 99% used [0x00000007fed80000,0x00000007ffff8030,0x0000000800000000)
  to   space 33792K, 0% used [0x00000007fbe00000,0x00000007fbe00000,0x00000007fdf00000)
 ParOldGen       total 103936K, used 100119K [0x0000000783400000, 0x0000000789980000, 0x00000007d6680000)
  object space 103936K, 96% used [0x0000000783400000,0x00000007895c5f98,0x0000000789980000)
 PSPermGen       total 52224K, used 26037K [0x000000077e200000, 0x0000000781500000, 0x0000000783400000)
  object space 52224K, 49% used [0x000000077e200000,0x000000077fb6d680,0x0000000781500000)
Event: 167.658 GC heap after
Heap after GC invocations=50 (full 2):
 PSYoungGen      total 632832K, used 0K [0x00000007d6680000, 0x0000000800000000, 0x0000000800000000)
  eden space 613888K, 0% used [0x00000007d6680000,0x00000007d6680000,0x00000007fbe00000)
  from space 18944K, 0% used [0x00000007fed80000,0x00000007fed80000,0x0000000800000000)
  to   space 33792K, 0% used [0x00000007fbe00000,0x00000007fbe00000,0x00000007fdf00000)
 ParOldGen       total 141312K, used 80080K [0x0000000783400000, 0x000000078be00000, 0x00000007d6680000)
  object space 141312K, 56% used [0x0000000783400000,0x0000000788234348,0x000000078be00000)
 PSPermGen       total 58880K, used 26037K [0x000000077e200000, 0x0000000781b80000, 0x0000000783400000)
  object space 58880K, 44% used [0x000000077e200000,0x000000077fb6d640,0x0000000781b80000)
}
Event: 169.504 GC heap before
{Heap before GC invocations=51 (full 2):
 PSYoungGen      total 632832K, used 613888K [0x00000007d6680000, 0x0000000800000000, 0x0000000800000000)
  eden space 613888K, 100% used [0x00000007d6680000,0x00000007fbe00000,0x00000007fbe00000)
  from space 18944K, 0% used [0x00000007fed80000,0x00000007fed80000,0x0000000800000000)
  to   space 33792K, 0% used [0x00000007fbe00000,0x00000007fbe00000,0x00000007fdf00000)
 ParOldGen       total 141312K, used 80080K [0x0000000783400000, 0x000000078be00000, 0x00000007d6680000)
  object space 141312K, 56% used [0x0000000783400000,0x0000000788234348,0x000000078be00000)
 PSPermGen       total 58880K, used 26037K [0x000000077e200000, 0x0000000781b80000, 0x0000000783400000)
  object space 58880K, 44% used [0x000000077e200000,0x000000077fb6d7b8,0x0000000781b80000)
Event: 169.538 GC heap after
Heap after GC invocations=51 (full 2):
 PSYoungGen      total 647680K, used 3472K [0x00000007d6680000, 0x0000000800000000, 0x0000000800000000)
  eden space 613888K, 0% used [0x00000007d6680000,0x00000007d6680000,0x00000007fbe00000)
  from space 33792K, 10% used [0x00000007fbe00000,0x00000007fc164350,0x00000007fdf00000)
  to   space 33280K, 0% used [0x00000007fdf80000,0x00000007fdf80000,0x0000000800000000)
 ParOldGen       total 141312K, used 80080K [0x0000000783400000, 0x000000078be00000, 0x00000007d6680000)
  object space 141312K, 56% used [0x0000000783400000,0x0000000788234348,0x000000078be00000)
 PSPermGen       total 58880K, used 26037K [0x000000077e200000, 0x0000000781b80000, 0x0000000783400000)
  object space 58880K, 44% used [0x000000077e200000,0x000000077fb6d7b8,0x0000000781b80000)
}
Event: 170.898 GC heap before
{Heap before GC invocations=52 (full 2):
 PSYoungGen      total 647680K, used 617360K [0x00000007d6680000, 0x0000000800000000, 0x0000000800000000)
  eden space 613888K, 100% used [0x00000007d6680000,0x00000007fbe00000,0x00000007fbe00000)
  from space 33792K, 10% used [0x00000007fbe00000,0x00000007fc164350,0x00000007fdf00000)
  to   space 33280K, 0% used [0x00000007fdf80000,0x00000007fdf80000,0x0000000800000000)
 ParOldGen       total 141312K, used 80080K [0x0000000783400000, 0x000000078be00000, 0x00000007d6680000)
  object space 141312K, 56% used [0x0000000783400000,0x0000000788234348,0x000000078be00000)
 PSPermGen       total 58880K, used 26038K [0x000000077e200000, 0x0000000781b80000, 0x0000000783400000)
  object space 58880K, 44% used [0x000000077e200000,0x000000077fb6da10,0x0000000781b80000)
Event: 170.939 GC heap after
Heap after GC invocations=52 (full 2):
 PSYoungGen      total 642048K, used 11296K [0x00000007d6680000, 0x00000007ffa80000, 0x0000000800000000)
  eden space 614400K, 0% used [0x00000007d6680000,0x00000007d6680000,0x00000007fbe80000)
  from space 27648K, 40% used [0x00000007fdf80000,0x00000007fea88040,0x00000007ffa80000)
  to   space 30720K, 0% used [0x00000007fbe80000,0x00000007fbe80000,0x00000007fdc80000)
 ParOldGen       total 141312K, used 81497K [0x0000000783400000, 0x000000078be00000, 0x00000007d6680000)
  object space 141312K, 57% used [0x0000000783400000,0x0000000788396678,0x000000078be00000)
 PSPermGen       total 58880K, used 26038K [0x000000077e200000, 0x0000000781b80000, 0x0000000783400000)
  object space 58880K, 44% used [0x000000077e200000,0x000000077fb6da10,0x0000000781b80000)
}
Event: 174.508 GC heap before
{Heap before GC invocations=53 (full 2):
 PSYoungGen      total 642048K, used 625696K [0x00000007d6680000, 0x00000007ffa80000, 0x0000000800000000)
  eden space 614400K, 100% used [0x00000007d6680000,0x00000007fbe80000,0x00000007fbe80000)
  from space 27648K, 40% used [0x00000007fdf80000,0x00000007fea88040,0x00000007ffa80000)
  to   space 30720K, 0% used [0x00000007fbe80000,0x00000007fbe80000,0x00000007fdc80000)
 ParOldGen       total 141312K, used 81497K [0x0000000783400000, 0x000000078be00000, 0x00000007d6680000)
  object space 141312K, 57% used [0x0000000783400000,0x0000000788396678,0x000000078be00000)
 PSPermGen       total 58880K, used 26039K [0x000000077e200000, 0x0000000781b80000, 0x0000000783400000)
  object space 58880K, 44% used [0x000000077e200000,0x000000077fb6ddd0,0x0000000781b80000)
Event: 174.540 GC heap after
Heap after GC invocations=53 (full 2):
 PSYoungGen      total 645120K, used 2624K [0x00000007d6680000, 0x0000000800000000, 0x0000000800000000)
  eden space 614400K, 0% used [0x00000007d6680000,0x00000007d6680000,0x00000007fbe80000)
  from space 30720K, 8% used [0x00000007fbe80000,0x00000007fc110020,0x00000007fdc80000)
  to   space 30208K, 0% used [0x00000007fe280000,0x00000007fe280000,0x0000000800000000)
 ParOldGen       total 141312K, used 81649K [0x0000000783400000, 0x000000078be00000, 0x00000007d6680000)
  object space 141312K, 57% used [0x0000000783400000,0x00000007883bc708,0x000000078be00000)
 PSPermGen       total 58880K, used 26039K [0x000000077e200000, 0x0000000781b80000, 0x0000000783400000)
  object space 58880K, 44% used [0x000000077e200000,0x000000077fb6ddd0,0x0000000781b80000)
}

