# JRE version: Java(TM) SE Runtime Environment (7.0_45-b18) (build 1.7.0_45-b18)
# Java VM: Java HotSpot(TM) 64-Bit Server VM (24.45-b08 mixed mode linux-amd64 compressed oops)
Heap
 PSYoungGen      total 642560K, used 315759K [0x00000007d6680000, 0x00000007ffa80000, 0x0000000800000000)
  eden space 608256K, 50% used [0x00000007d6680000,0x00000007e92e5188,0x00000007fb880000)
  from space 34304K, 23% used [0x00000007fd900000,0x00000007fe0f6b08,0x00000007ffa80000)
  to   space 33280K, 0% used [0x00000007fb880000,0x00000007fb880000,0x00000007fd900000)
 ParOldGen       total 200192K, used 109984K [0x0000000783400000, 0x000000078f780000, 0x00000007d6680000)
  object space 200192K, 54% used [0x0000000783400000,0x0000000789f68168,0x000000078f780000)
 PSPermGen       total 51712K, used 26169K [0x000000077e200000, 0x0000000781480000, 0x0000000783400000)
  object space 51712K, 50% used [0x000000077e200000,0x000000077fb8e4d0,0x0000000781480000)
GC Heap History (10 events):
Event: 364.698 GC heap before
{Heap before GC invocations=67 (full 5):
 PSYoungGen      total 600576K, used 600243K [0x00000007d6680000, 0x00000007ffe00000, 0x0000000800000000)
  eden space 596480K, 100% used [0x00000007d6680000,0x00000007fad00000,0x00000007fad00000)
  from space 4096K, 91% used [0x00000007fad00000,0x00000007fb0ace70,0x00000007fb100000)
  to   space 41472K, 0% used [0x00000007fd580000,0x00000007fd580000,0x00000007ffe00000)
 ParOldGen       total 200192K, used 107145K [0x0000000783400000, 0x000000078f780000, 0x00000007d6680000)
  object space 200192K, 53% used [0x0000000783400000,0x0000000789ca2760,0x000000078f780000)
 PSPermGen       total 51712K, used 26167K [0x000000077e200000, 0x0000000781480000, 0x0000000783400000)
  object space 51712K, 50% used [0x000000077e200000,0x000000077fb8dd28,0x0000000781480000)
Event: 364.732 GC heap after
Heap after GC invocations=67 (full 5):
 PSYoungGen      total 638976K, used 3584K [0x00000007d6680000, 0x0000000800000000, 0x0000000800000000)
  eden space 597504K, 0% used [0x00000007d6680000,0x00000007d6680000,0x00000007fae00000)
  from space 41472K, 8% used [0x00000007fd580000,0x00000007fd900090,0x00000007ffe00000)
  to   space 40448K, 0% used [0x00000007fae00000,0x00000007fae00000,0x00000007fd580000)
 ParOldGen       total 200192K, used 109984K [0x0000000783400000, 0x000000078f780000, 0x00000007d6680000)
  object space 200192K, 54% used [0x0000000783400000,0x0000000789f68168,0x000000078f780000)
 PSPermGen       total 51712K, used 26167K [0x000000077e200000, 0x0000000781480000, 0x0000000783400000)
  object space 51712K, 50% used [0x000000077e200000,0x000000077fb8dd28,0x0000000781480000)
}
Event: 368.425 GC heap before
{Heap before GC invocations=68 (full 5):
 PSYoungGen      total 638976K, used 601088K [0x00000007d6680000, 0x0000000800000000, 0x0000000800000000)
  eden space 597504K, 100% used [0x00000007d6680000,0x00000007fae00000,0x00000007fae00000)
  from space 41472K, 8% used [0x00000007fd580000,0x00000007fd900090,0x00000007ffe00000)
  to   space 40448K, 0% used [0x00000007fae00000,0x00000007fae00000,0x00000007fd580000)
 ParOldGen       total 200192K, used 109984K [0x0000000783400000, 0x000000078f780000, 0x00000007d6680000)
  object space 200192K, 54% used [0x0000000783400000,0x0000000789f68168,0x000000078f780000)
 PSPermGen       total 51712K, used 26168K [0x000000077e200000, 0x0000000781480000, 0x0000000783400000)
  object space 51712K, 50% used [0x000000077e200000,0x000000077fb8e020,0x0000000781480000)
Event: 368.432 GC heap after
Heap after GC invocations=68 (full 5):
 PSYoungGen      total 637952K, used 8025K [0x00000007d6680000, 0x00000007ffb00000, 0x0000000800000000)
  eden space 597504K, 0% used [0x00000007d6680000,0x00000007d6680000,0x00000007fae00000)
  from space 40448K, 19% used [0x00000007fae00000,0x00000007fb5d66d0,0x00000007fd580000)
  to   space 38400K, 0% used [0x00000007fd580000,0x00000007fd580000,0x00000007ffb00000)
 ParOldGen       total 200192K, used 109984K [0x0000000783400000, 0x000000078f780000, 0x00000007d6680000)
  object space 200192K, 54% used [0x0000000783400000,0x0000000789f68168,0x000000078f780000)
 PSPermGen       total 51712K, used 26168K [0x000000077e200000, 0x0000000781480000, 0x0000000783400000)
  object space 51712K, 50% used [0x000000077e200000,0x000000077fb8e020,0x0000000781480000)
}
Event: 372.027 GC heap before
{Heap before GC invocations=69 (full 5):
 PSYoungGen      total 637952K, used 605529K [0x00000007d6680000, 0x00000007ffb00000, 0x0000000800000000)
  eden space 597504K, 100% used [0x00000007d6680000,0x00000007fae00000,0x00000007fae00000)
  from space 40448K, 19% used [0x00000007fae00000,0x00000007fb5d66d0,0x00000007fd580000)
  to   space 38400K, 0% used [0x00000007fd580000,0x00000007fd580000,0x00000007ffb00000)
 ParOldGen       total 200192K, used 109984K [0x0000000783400000, 0x000000078f780000, 0x00000007d6680000)
  object space 200192K, 54% used [0x0000000783400000,0x0000000789f68168,0x000000078f780000)
 PSPermGen       total 51712K, used 26168K [0x000000077e200000, 0x0000000781480000, 0x0000000783400000)
  object space 51712K, 50% used [0x000000077e200000,0x000000077fb8e020,0x0000000781480000)
Event: 372.040 GC heap after
Heap after GC invocations=69 (full 5):
 PSYoungGen      total 639488K, used 6976K [0x00000007d6680000, 0x00000007ffb00000, 0x0000000800000000)
  eden space 601088K, 0% used [0x00000007d6680000,0x00000007d6680000,0x00000007fb180000)
  from space 38400K, 18% used [0x00000007fd580000,0x00000007fdc500a0,0x00000007ffb00000)
  to   space 36864K, 0% used [0x00000007fb180000,0x00000007fb180000,0x00000007fd580000)
 ParOldGen       total 200192K, used 109984K [0x0000000783400000, 0x000000078f780000, 0x00000007d6680000)
  object space 200192K, 54% used [0x0000000783400000,0x0000000789f68168,0x000000078f780000)
 PSPermGen       total 51712K, used 26168K [0x000000077e200000, 0x0000000781480000, 0x0000000783400000)
  object space 51712K, 50% used [0x000000077e200000,0x000000077fb8e020,0x0000000781480000)
}
Event: 374.640 GC heap before
{Heap before GC invocations=70 (full 5):
 PSYoungGen      total 639488K, used 608064K [0x00000007d6680000, 0x00000007ffb00000, 0x0000000800000000)
  eden space 601088K, 100% used [0x00000007d6680000,0x00000007fb180000,0x00000007fb180000)
  from space 38400K, 18% used [0x00000007fd580000,0x00000007fdc500a0,0x00000007ffb00000)
  to   space 36864K, 0% used [0x00000007fb180000,0x00000007fb180000,0x00000007fd580000)
 ParOldGen       total 200192K, used 109984K [0x0000000783400000, 0x000000078f780000, 0x00000007d6680000)
  object space 200192K, 54% used [0x0000000783400000,0x0000000789f68168,0x000000078f780000)
 PSPermGen       total 51712K, used 26168K [0x000000077e200000, 0x0000000781480000, 0x0000000783400000)
  object space 51712K, 50% used [0x000000077e200000,0x000000077fb8e020,0x0000000781480000)
Event: 374.650 GC heap after
Heap after GC invocations=70 (full 5):
 PSYoungGen      total 637952K, used 8090K [0x00000007d6680000, 0x00000007ffb80000, 0x0000000800000000)
  eden space 601088K, 0% used [0x00000007d6680000,0x00000007d6680000,0x00000007fb180000)
  from space 36864K, 21% used [0x00000007fb180000,0x00000007fb966b08,0x00000007fd580000)
  to   space 35328K, 0% used [0x00000007fd900000,0x00000007fd900000,0x00000007ffb80000)
 ParOldGen       total 200192K, used 109984K [0x0000000783400000, 0x000000078f780000, 0x00000007d6680000)
  object space 200192K, 54% used [0x0000000783400000,0x0000000789f68168,0x000000078f780000)
 PSPermGen       total 51712K, used 26168K [0x000000077e200000, 0x0000000781480000, 0x0000000783400000)
  object space 51712K, 50% used [0x000000077e200000,0x000000077fb8e020,0x0000000781480000)
}
Event: 380.884 GC heap before
{Heap before GC invocations=71 (full 5):
 PSYoungGen      total 637952K, used 609178K [0x00000007d6680000, 0x00000007ffb80000, 0x0000000800000000)
  eden space 601088K, 100% used [0x00000007d6680000,0x00000007fb180000,0x00000007fb180000)
  from space 36864K, 21% used [0x00000007fb180000,0x00000007fb966b08,0x00000007fd580000)
  to   space 35328K, 0% used [0x00000007fd900000,0x00000007fd900000,0x00000007ffb80000)
 ParOldGen       total 200192K, used 109984K [0x0000000783400000, 0x000000078f780000, 0x00000007d6680000)
  object space 200192K, 54% used [0x0000000783400000,0x0000000789f68168,0x000000078f780000)
 PSPermGen       total 51712K, used 26169K [0x000000077e200000, 0x0000000781480000, 0x0000000783400000)
  object space 51712K, 50% used [0x000000077e200000,0x000000077fb8e418,0x0000000781480000)
Event: 380.908 GC heap after
Heap after GC invocations=71 (full 5):
 PSYoungGen      total 642560K, used 8154K [0x00000007d6680000, 0x00000007ffa80000, 0x0000000800000000)
  eden space 608256K, 0% used [0x00000007d6680000,0x00000007d6680000,0x00000007fb880000)
  from space 34304K, 23% used [0x00000007fd900000,0x00000007fe0f6b08,0x00000007ffa80000)
  to   space 33280K, 0% used [0x00000007fb880000,0x00000007fb880000,0x00000007fd900000)
 ParOldGen       total 200192K, used 109984K [0x0000000783400000, 0x000000078f780000, 0x00000007d6680000)
  object space 200192K, 54% used [0x0000000783400000,0x0000000789f68168,0x000000078f780000)
 PSPermGen       total 51712K, used 26169K [0x000000077e200000, 0x0000000781480000, 0x0000000783400000)
  object space 51712K, 50% used [0x000000077e200000,0x000000077fb8e418,0x0000000781480000)
}

